# JRE version: Java(TM) SE Runtime Environment (8.0_101-b13) (build 1.8.0_101-b13)
# Java VM: Java HotSpot(TM) 64-Bit Server VM (25.101-b13 mixed mode bsd-amd64 compressed oops)
Heap:
 PSYoungGen      total 278016K, used 38175K [0x0000000795580000, 0x00000007b2680000, 0x00000007c0000000)
  eden space 264704K, 14% used [0x0000000795580000,0x0000000797ac7fb0,0x00000007a5800000)
  from space 13312K, 0% used [0x00000007a5800000,0x00000007a5800000,0x00000007a6500000)
  to   space 28672K, 0% used [0x00000007b0a80000,0x00000007b0a80000,0x00000007b2680000)
 ParOldGen       total 131584K, used 56755K [0x0000000740000000, 0x0000000748080000, 0x0000000795580000)
  object space 131584K, 43% used [0x0000000740000000,0x000000074376ce98,0x0000000748080000)
 Metaspace       used 26057K, capacity 27152K, committed 27392K, reserved 1073152K
  class space    used 3298K, capacity 3535K, committed 3584K, reserved 1048576K
GC Heap History (10 events):
Event: 11.604 GC heap before
{Heap before GC invocations=9 (full 1):
 PSYoungGen      total 276480K, used 11556K [0x0000000795580000, 0x00000007a7380000, 0x00000007c0000000)
  eden space 264704K, 0% used [0x0000000795580000,0x0000000795580000,0x00000007a5800000)
  from space 11776K, 98% used [0x00000007a6500000,0x00000007a7049078,0x00000007a7080000)
  to   space 13312K, 0% used [0x00000007a5800000,0x00000007a5800000,0x00000007a6500000)
 ParOldGen       total 87552K, used 65995K [0x0000000740000000, 0x0000000745580000, 0x0000000795580000)
  object space 87552K, 75% used [0x0000000740000000,0x0000000744072e80,0x0000000745580000)
 Metaspace       used 20282K, capacity 21138K, committed 21296K, reserved 1067008K
  class space    used 2846K, capacity 3074K, committed 3200K, reserved 1048576K
Event: 11.644 GC heap after
Heap after GC invocations=9 (full 1):
 PSYoungGen      total 276480K, used 0K [0x0000000795580000, 0x00000007a7380000, 0x00000007c0000000)
  eden space 264704K, 0% used [0x0000000795580000,0x0000000795580000,0x00000007a5800000)
  from space 11776K, 0% used [0x00000007a6500000,0x00000007a6500000,0x00000007a7080000)
  to   space 13312K, 0% used [0x00000007a5800000,0x00000007a5800000,0x00000007a6500000)
 ParOldGen       total 116224K, used 53198K [0x0000000740000000, 0x0000000747180000, 0x0000000795580000)
  object space 116224K, 45% used [0x0000000740000000,0x00000007433f39c0,0x0000000747180000)
 Metaspace       used 20282K, capacity 21138K, committed 21296K, reserved 1067008K
  class space    used 2846K, capacity 3074K, committed 3200K, reserved 1048576K
}
Event: 23.256 GC heap before
{Heap before GC invocations=10 (full 1):
 PSYoungGen      total 276480K, used 264704K [0x0000000795580000, 0x00000007a7380000, 0x00000007c0000000)
  eden space 264704K, 100% used [0x0000000795580000,0x00000007a5800000,0x00000007a5800000)
  from space 11776K, 0% used [0x00000007a6500000,0x00000007a6500000,0x00000007a7080000)
  to   space 13312K, 0% used [0x00000007a5800000,0x00000007a5800000,0x00000007a6500000)
 ParOldGen       total 116224K, used 53198K [0x0000000740000000, 0x0000000747180000, 0x0000000795580000)
  object space 116224K, 45% used [0x0000000740000000,0x00000007433f39c0,0x0000000747180000)
 Metaspace       used 25139K, capacity 26206K, committed 26368K, reserved 1073152K
  class space    used 3272K, capacity 3522K, committed 3584K, reserved 1048576K
Event: 23.285 GC heap after
Heap after GC invocations=10 (full 1):
 PSYoungGen      total 278016K, used 13301K [0x0000000795580000, 0x00000007b2680000, 0x00000007c0000000)
  eden space 264704K, 0% used [0x0000000795580000,0x0000000795580000,0x00000007a5800000)
  from space 13312K, 99% used [0x00000007a5800000,0x00000007a64fd6f0,0x00000007a6500000)
  to   space 28672K, 0% used [0x00000007b0a80000,0x00000007b0a80000,0x00000007b2680000)
 ParOldGen       total 116224K, used 86524K [0x0000000740000000, 0x0000000747180000, 0x0000000795580000)
  object space 116224K, 74% used [0x0000000740000000,0x000000074547f270,0x0000000747180000)
 Metaspace       used 25139K, capacity 26206K, committed 26368K, reserved 1073152K
  class space    used 3272K, capacity 3522K, committed 3584K, reserved 1048576K
}
Event: 23.285 GC heap before
{Heap before GC invocations=11 (full 2):
 PSYoungGen      total 278016K, used 13301K [0x0000000795580000, 0x00000007b2680000, 0x00000007c0000000)
  eden space 264704K, 0% used [0x0000000795580000,0x0000000795580000,0x00000007a5800000)
  from space 13312K, 99% used [0x00000007a5800000,0x00000007a64fd6f0,0x00000007a6500000)
  to   space 28672K, 0% used [0x00000007b0a80000,0x00000007b0a80000,0x00000007b2680000)
 ParOldGen       total 116224K, used 86524K [0x0000000740000000, 0x0000000747180000, 0x0000000795580000)
  object space 116224K, 74% used [0x0000000740000000,0x000000074547f270,0x0000000747180000)
 Metaspace       used 25139K, capacity 26206K, committed 26368K, reserved 1073152K
  class space    used 3272K, capacity 3522K, committed 3584K, reserved 1048576K
Event: 23.332 GC heap after
Heap after GC invocations=11 (full 2):
 PSYoungGen      total 278016K, used 0K [0x0000000795580000, 0x00000007b2680000, 0x00000007c0000000)
  eden space 264704K, 0% used [0x0000000795580000,0x0000000795580000,0x00000007a5800000)
  from space 13312K, 0% used [0x00000007a5800000,0x00000007a5800000,0x00000007a6500000)
  to   space 28672K, 0% used [0x00000007b0a80000,0x00000007b0a80000,0x00000007b2680000)
 ParOldGen       total 116224K, used 43459K [0x0000000740000000, 0x0000000747180000, 0x0000000795580000)
  object space 116224K, 37% used [0x0000000740000000,0x0000000742a70d20,0x0000000747180000)
 Metaspace       used 25128K, capacity 26188K, committed 26368K, reserved 1073152K
  class space    used 3271K, capacity 3519K, committed 3584K, reserved 1048576K
}
Event: 31.108 GC heap before
{Heap before GC invocations=12 (full 2):
 PSYoungGen      total 278016K, used 264704K [0x0000000795580000, 0x00000007b2680000, 0x00000007c0000000)
  eden space 264704K, 100% used [0x0000000795580000,0x00000007a5800000,0x00000007a5800000)
  from space 13312K, 0% used [0x00000007a5800000,0x00000007a5800000,0x00000007a6500000)
  to   space 28672K, 0% used [0x00000007b0a80000,0x00000007b0a80000,0x00000007b2680000)
 ParOldGen       total 116224K, used 43459K [0x0000000740000000, 0x0000000747180000, 0x0000000795580000)
  object space 116224K, 37% used [0x0000000740000000,0x0000000742a70d20,0x0000000747180000)
 Metaspace       used 26013K, capacity 27074K, committed 27392K, reserved 1073152K
  class space    used 3295K, capacity 3530K, committed 3584K, reserved 1048576K
Event: 31.170 GC heap after
Heap after GC invocations=12 (full 2):
 PSYoungGen      total 278016K, used 264704K [0x0000000795580000, 0x00000007b2680000, 0x00000007c0000000)
  eden space 264704K, 100% used [0x0000000795580000,0x00000007a5800000,0x00000007a5800000)
  from space 13312K, 0% used [0x00000007a5800000,0x00000007a5800000,0x00000007a6500000)
  to   space 28672K, 99% used [0x00000007b0a80000,0x00000007b267b738,0x00000007b2680000)
 ParOldGen       total 120832K, used 120565K [0x0000000740000000, 0x0000000747600000, 0x0000000795580000)
  object space 120832K, 99% used [0x0000000740000000,0x00000007475bd5b8,0x0000000747600000)
 Metaspace       used 26013K, capacity 27074K, committed 27392K, reserved 1073152K
  class space    used 3295K, capacity 3530K, committed 3584K, reserved 1048576K
}
Event: 31.170 GC heap before
{Heap before GC invocations=13 (full 3):
 PSYoungGen      total 278016K, used 264704K [0x0000000795580000, 0x00000007b2680000, 0x00000007c0000000)
  eden space 264704K, 100% used [0x0000000795580000,0x00000007a5800000,0x00000007a5800000)
  from space 13312K, 0% used [0x00000007a5800000,0x00000007a5800000,0x00000007a6500000)
  to   space 28672K, 99% used [0x00000007b0a80000,0x00000007b267b738,0x00000007b2680000)
 ParOldGen       total 120832K, used 120565K [0x0000000740000000, 0x0000000747600000, 0x0000000795580000)
  object space 120832K, 99% used [0x0000000740000000,0x00000007475bd5b8,0x0000000747600000)
 Metaspace       used 26013K, capacity 27074K, committed 27392K, reserved 1073152K
  class space    used 3295K, capacity 3530K, committed 3584K, reserved 1048576K
Event: 31.267 GC heap after
Heap after GC invocations=13 (full 3):
 PSYoungGen      total 278016K, used 0K [0x0000000795580000, 0x00000007b2680000, 0x00000007c0000000)
  eden space 264704K, 0% used [0x0000000795580000,0x0000000795580000,0x00000007a5800000)
  from space 13312K, 0% used [0x00000007a5800000,0x00000007a5800000,0x00000007a6500000)
  to   space 28672K, 0% used [0x00000007b0a80000,0x00000007b0a80000,0x00000007b2680000)
 ParOldGen       total 131584K, used 56755K [0x0000000740000000, 0x0000000748080000, 0x0000000795580000)
  object space 131584K, 43% used [0x0000000740000000,0x000000074376ce98,0x0000000748080000)
 Metaspace       used 26013K, capacity 27074K, committed 27392K, reserved 1073152K
  class space    used 3295K, capacity 3530K, committed 3584K, reserved 1048576K
}

